<?xml version="1.0" encoding="UTF-8"?>
<testng-results ignored="0" total="1" passed="1" failed="0" skipped="0">
  <reporter-output>
  </reporter-output>
  <suite started-at="2023-02-22T23:22:59 IST" name="CalculatorOperations" finished-at="2023-02-22T23:23:10 IST" duration-ms="11631">
    <groups>
    </groups>
    <test started-at="2023-02-22T23:22:59 IST" name="FormulaExecution" finished-at="2023-02-22T23:23:10 IST" duration-ms="11631">
      <class name="Tests.CalculationTests">
        <test-method is-config="true" signature="browserlaunch()[pri:0, instance:Tests.CalculationTests@53ce1329]" started-at="2023-02-22T23:22:59 IST" name="browserlaunch" finished-at="2023-02-22T23:23:01 IST" duration-ms="2006" status="PASS">
          <reporter-output>
          </reporter-output>
        </test-method> <!-- browserlaunch -->
        <test-method signature="Execution()[pri:0, instance:Tests.CalculationTests@53ce1329]" started-at="2023-02-22T23:23:01 IST" name="Execution" finished-at="2023-02-22T23:23:10 IST" duration-ms="9487" status="PASS">
          <reporter-output>
          </reporter-output>
        </test-method> <!-- Execution -->
        <test-method is-config="true" signature="screenshot(org.testng.ITestResult)[pri:0, instance:Tests.CalculationTests@53ce1329]" started-at="2023-02-22T23:23:10 IST" name="screenshot" finished-at="2023-02-22T23:23:10 IST" duration-ms="2" status="PASS">
          <params>
            <param index="0">
              <value>
                <![CDATA[[TestResult name=Execution status=SUCCESS method=CalculationTests.Execution()[pri:0, instance:Tests.CalculationTests@53ce1329] output={null}]]]>
              </value>
            </param>
          </params>
          <reporter-output>
          </reporter-output>
        </test-method> <!-- screenshot -->
        <test-method is-config="true" signature="closeBrowser()[pri:0, instance:Tests.CalculationTests@53ce1329]" started-at="2023-02-22T23:23:10 IST" name="closeBrowser" finished-at="2023-02-22T23:23:10 IST" duration-ms="109" status="PASS">
          <reporter-output>
          </reporter-output>
        </test-method> <!-- closeBrowser -->
      </class> <!-- Tests.CalculationTests -->
    </test> <!-- FormulaExecution -->
  </suite> <!-- CalculatorOperations -->
</testng-results>
